m:\covers\another64\rasuite\raproject64\debug\project64.bsc
m:\covers\another64\rasuite\raproject64\debug\mapping.sbr
m:\covers\another64\rasuite\raproject64\debug\mapping.obj
m:\covers\another64\rasuite\raproject64\debug\plugin_video.sbr
m:\covers\another64\rasuite\raproject64\debug\plugin_video.obj
m:\covers\another64\rasuite\raproject64\debug\recompilerops.sbr
m:\covers\another64\rasuite\raproject64\debug\recompilerops.obj
m:\covers\another64\rasuite\raproject64\debug\win32timer.sbr
m:\covers\another64\rasuite\raproject64\debug\win32timer.obj
m:\covers\another64\rasuite\raproject64\debug\sram.sbr
m:\covers\another64\rasuite\raproject64\debug\sram.obj
m:\covers\another64\rasuite\raproject64\debug\rom.sbr
m:\covers\another64\rasuite\raproject64\debug\rom.obj
m:\covers\another64\rasuite\raproject64\debug\logging.sbr
m:\covers\another64\rasuite\raproject64\debug\logging.obj
m:\covers\another64\rasuite\raproject64\debug\r4300iregisters.sbr
m:\covers\another64\rasuite\raproject64\debug\r4300iregisters.obj
m:\covers\another64\rasuite\raproject64\debug\main.sbr
m:\covers\another64\rasuite\raproject64\debug\main.obj
m:\covers\another64\rasuite\raproject64\debug\exception.sbr
m:\covers\another64\rasuite\raproject64\debug\exception.obj
m:\covers\another64\rasuite\raproject64\debug\language.sbr
m:\covers\another64\rasuite\raproject64\debug\language.obj
m:\covers\another64\rasuite\raproject64\debug\fileutil.sbr
m:\covers\another64\rasuite\raproject64\debug\fileutil.obj
m:\covers\another64\rasuite\raproject64\debug\plugin_audio.sbr
m:\covers\another64\rasuite\raproject64\debug\plugin_audio.obj
m:\covers\another64\rasuite\raproject64\debug\recompilercpu.sbr
m:\covers\another64\rasuite\raproject64\debug\recompilercpu.obj
m:\covers\another64\rasuite\raproject64\debug\rombrowser.sbr
m:\covers\another64\rasuite\raproject64\debug\rombrowser.obj
m:\covers\another64\rasuite\raproject64\debug\x86.sbr
m:\covers\another64\rasuite\raproject64\debug\x86.obj
m:\covers\another64\rasuite\raproject64\debug\ra_interface.sbr
m:\covers\another64\rasuite\raproject64\debug\ra_interface.obj
m:\covers\another64\rasuite\raproject64\debug\main2.sbr
m:\covers\another64\rasuite\raproject64\debug\main2.obj
m:\covers\another64\rasuite\raproject64\debug\settings.sbr
m:\covers\another64\rasuite\raproject64\debug\settings.obj
m:\covers\another64\rasuite\raproject64\debug\dma.sbr
m:\covers\another64\rasuite\raproject64\debug\dma.obj
m:\covers\another64\rasuite\raproject64\debug\plugin.sbr
m:\covers\another64\rasuite\raproject64\debug\plugin.obj
m:\covers\another64\rasuite\raproject64\debug\interpreterops.sbr
m:\covers\another64\rasuite\raproject64\debug\interpreterops.obj
m:\covers\another64\rasuite\raproject64\debug\plugin_input.sbr
m:\covers\another64\rasuite\raproject64\debug\plugin_input.obj
m:\covers\another64\rasuite\raproject64\debug\ra_implementation.sbr
m:\covers\another64\rasuite\raproject64\debug\ra_implementation.obj
m:\covers\another64\rasuite\raproject64\debug\mempak.sbr
m:\covers\another64\rasuite\raproject64\debug\mempak.obj
m:\covers\another64\rasuite\raproject64\debug\registers.sbr
m:\covers\another64\rasuite\raproject64\debug\registers.obj
m:\covers\another64\rasuite\raproject64\debug\cpulog.sbr
m:\covers\another64\rasuite\raproject64\debug\cpulog.obj
m:\covers\another64\rasuite\raproject64\debug\overlay.sbr
m:\covers\another64\rasuite\raproject64\debug\overlay.obj
m:\covers\another64\rasuite\raproject64\debug\settingsapi.sbr
m:\covers\another64\rasuite\raproject64\debug\settingsapi.obj
m:\covers\another64\rasuite\raproject64\debug\flashram.sbr
m:\covers\another64\rasuite\raproject64\debug\flashram.obj
m:\covers\another64\rasuite\raproject64\debug\pif.sbr
m:\covers\another64\rasuite\raproject64\debug\pif.obj
m:\covers\another64\rasuite\raproject64\debug\interpretercpu.sbr
m:\covers\another64\rasuite\raproject64\debug\interpretercpu.obj
m:\covers\another64\rasuite\raproject64\debug\r4300imemory.sbr
m:\covers\another64\rasuite\raproject64\debug\r4300imemory.obj
m:\covers\another64\rasuite\raproject64\debug\cheat.sbr
m:\covers\another64\rasuite\raproject64\debug\cheat.obj
m:\covers\another64\rasuite\raproject64\debug\tlbdisplay.sbr
m:\covers\another64\rasuite\raproject64\debug\tlbdisplay.obj
m:\covers\another64\rasuite\raproject64\debug\cpu.sbr
m:\covers\another64\rasuite\raproject64\debug\cpu.obj
m:\covers\another64\rasuite\raproject64\debug\tlb.sbr
m:\covers\another64\rasuite\raproject64\debug\tlb.obj
m:\covers\another64\rasuite\raproject64\debug\breakpoints.sbr
m:\covers\another64\rasuite\raproject64\debug\breakpoints.obj
m:\covers\another64\rasuite\raproject64\debug\r4300icommands.sbr
m:\covers\another64\rasuite\raproject64\debug\r4300icommands.obj
m:\covers\another64\rasuite\raproject64\debug\recompilerfpuops.sbr
m:\covers\another64\rasuite\raproject64\debug\recompilerfpuops.obj
m:\covers\another64\rasuite\raproject64\debug\profiling.sbr
m:\covers\another64\rasuite\raproject64\debug\profiling.obj
m:\covers\another64\rasuite\raproject64\debug\eeprom.sbr
m:\covers\another64\rasuite\raproject64\debug\eeprom.obj
m:\covers\another64\rasuite\raproject64\debug\memory.sbr
m:\covers\another64\rasuite\raproject64\debug\memory.obj
m:\covers\another64\rasuite\raproject64\debug\x86fpu.sbr
m:\covers\another64\rasuite\raproject64\debug\x86fpu.obj
m:\covers\another64\rasuite\raproject64\debug\vc140.pdb
m:\covers\another64\rasuite\raproject64\debug\ioapi.sbr
m:\covers\another64\rasuite\raproject64\debug\ioapi.obj
m:\covers\another64\rasuite\raproject64\debug\zip.sbr
m:\covers\another64\rasuite\raproject64\debug\zip.obj
m:\covers\another64\rasuite\raproject64\debug\unzip.sbr
m:\covers\another64\rasuite\raproject64\debug\unzip.obj
m:\covers\another64\rasuite\raproject64\output\debug\project64.ilk
m:\covers\another64\rasuite\raproject64\output\debug\project64.exe
m:\covers\another64\rasuite\raproject64\output\debug\project64.pdb
m:\covers\another64\rasuite\raproject64\debug\pj64.res
m:\covers\another64\rasuite\raproject64\debug\project64.tlog\bscmake.command.1.tlog
m:\covers\another64\rasuite\raproject64\debug\project64.tlog\bscmake.read.1.tlog
m:\covers\another64\rasuite\raproject64\debug\project64.tlog\bscmake.write.1.tlog
m:\covers\another64\rasuite\raproject64\debug\project64.tlog\cl.command.1.tlog
m:\covers\another64\rasuite\raproject64\debug\project64.tlog\cl.read.1.tlog
m:\covers\another64\rasuite\raproject64\debug\project64.tlog\cl.write.1.tlog
m:\covers\another64\rasuite\raproject64\debug\project64.tlog\link.command.1.tlog
m:\covers\another64\rasuite\raproject64\debug\project64.tlog\link.read.1.tlog
m:\covers\another64\rasuite\raproject64\debug\project64.tlog\link.write.1.tlog
m:\covers\another64\rasuite\raproject64\debug\project64.tlog\rc.command.1.tlog
m:\covers\another64\rasuite\raproject64\debug\project64.tlog\rc.read.1.tlog
m:\covers\another64\rasuite\raproject64\debug\project64.tlog\rc.write.1.tlog
