E:\Program Files (x86)\MSBuild\Microsoft.Cpp\v4.0\V140\Microsoft.CppBuild.targets(368,5): warning MSB8004: Output Directory does not end with a trailing slash.  This build instance will add the slash as it is required to allow proper evaluation of the Output Directory.
  RA_Interface.cpp
  BreakPoints.cpp
  CPULog.cpp
  FileUtil.cpp
  InterpreterCPU.cpp
  InterpreterOps.cpp
  Logging.cpp
  mapping.cpp
  Overlay.cpp
  Plugin_Audio.cpp
  Plugin_Input.cpp
  Plugin_Video.cpp
  r4300iCommands.cpp
  r4300iMemory.cpp
  r4300iRegisters.cpp
  RA_Implementation.cpp
  RecompilerCPU.cpp
  RecompilerFpuOps.cpp
  RecompilerOps.cpp
  Cheat.cpp
  Main.cpp
  main2.cpp
Overlay.cpp(84): warning C4800: 'int': forcing value to bool 'true' or 'false' (performance warning)
Overlay.cpp(84): warning C4800: 'BOOL': forcing value to bool 'true' or 'false' (performance warning)
RecompilerOps.cpp(116): warning C4474: 'sprintf' : too many arguments passed for format string
  RecompilerOps.cpp(116): note: placeholders and their parameters expect 0 variadic arguments, but 1 were provided
RecompilerOps.cpp(122): warning C4474: 'sprintf' : too many arguments passed for format string
  RecompilerOps.cpp(122): note: placeholders and their parameters expect 0 variadic arguments, but 1 were provided
RecompilerOps.cpp(340): warning C4302: 'type cast': truncation from 'BYTE *' to 'BYTE'
RecompilerOps.cpp(397): warning C4302: 'type cast': truncation from 'BYTE *' to 'BYTE'
RecompilerOps.cpp(466): warning C4302: 'type cast': truncation from 'BYTE *' to 'BYTE'
RecompilerOps.cpp(496): warning C4302: 'type cast': truncation from 'BYTE *' to 'BYTE'
RecompilerOps.cpp(542): warning C4302: 'type cast': truncation from 'BYTE *' to 'BYTE'
RecompilerOps.cpp(599): warning C4302: 'type cast': truncation from 'BYTE *' to 'BYTE'
RecompilerOps.cpp(668): warning C4302: 'type cast': truncation from 'BYTE *' to 'BYTE'
RecompilerOps.cpp(694): warning C4302: 'type cast': truncation from 'BYTE *' to 'BYTE'
RecompilerCPU.cpp(1713): warning C4302: 'type cast': truncation from 'BYTE *' to 'BYTE'
RecompilerOps.cpp(4799): warning C4302: 'type cast': truncation from 'BYTE *' to 'BYTE'
  Profiling.cpp
  RomBrowser.cpp
Cheat.cpp(600): warning C4267: '=': conversion from 'size_t' to 'WORD', possible loss of data
  Settings.cpp
  SettingsApi.cpp
  TLBDisplay.cpp
m:\covers\another64\rasuite\raproject64\main2.cpp(23): warning C4700: uninitialized local variable 'm_hwndWebBrowser' used
  Win32Timer.cpp
  Eeprom.cpp
  FlashRam.cpp
  Mempak.cpp
  Sram.cpp
  CPU.cpp
  DMA.cpp
  Exception.cpp
FlashRam.cpp(38): warning C4091: 'typedef ': ignored on left of 'TFlashRam_Modes' when no variable is declared
  Memory.cpp
  pif.cpp
  Registers.cpp
  rom.cpp
  TLB.cpp
  Plugin.cpp
  X86.cpp
  Language.cpp
  x86fpu.cpp
  ioapi.c
  unzip.c
  zip.c
zlib.lib(zutil.obj) : warning LNK4217: locally defined symbol _free imported in function _zcfree
zlib.lib(zutil.obj) : warning LNK4217: locally defined symbol _malloc imported in function _zcalloc
zlib.lib(adler32.obj) : warning LNK4099: PDB 'zlib.pdb' was not found with 'zlib.lib(adler32.obj)' or at 'M:\Covers\Another64\RASuite\RAProject64\output\debug\zlib.pdb'; linking object as if no debug info
zlib.lib(compress.obj) : warning LNK4099: PDB 'zlib.pdb' was not found with 'zlib.lib(compress.obj)' or at 'M:\Covers\Another64\RASuite\RAProject64\output\debug\zlib.pdb'; linking object as if no debug info
zlib.lib(crc32.obj) : warning LNK4099: PDB 'zlib.pdb' was not found with 'zlib.lib(crc32.obj)' or at 'M:\Covers\Another64\RASuite\RAProject64\output\debug\zlib.pdb'; linking object as if no debug info
zlib.lib(deflate.obj) : warning LNK4099: PDB 'zlib.pdb' was not found with 'zlib.lib(deflate.obj)' or at 'M:\Covers\Another64\RASuite\RAProject64\output\debug\zlib.pdb'; linking object as if no debug info
zlib.lib(inffast.obj) : warning LNK4099: PDB 'zlib.pdb' was not found with 'zlib.lib(inffast.obj)' or at 'M:\Covers\Another64\RASuite\RAProject64\output\debug\zlib.pdb'; linking object as if no debug info
zlib.lib(inflate.obj) : warning LNK4099: PDB 'zlib.pdb' was not found with 'zlib.lib(inflate.obj)' or at 'M:\Covers\Another64\RASuite\RAProject64\output\debug\zlib.pdb'; linking object as if no debug info
zlib.lib(inftrees.obj) : warning LNK4099: PDB 'zlib.pdb' was not found with 'zlib.lib(inftrees.obj)' or at 'M:\Covers\Another64\RASuite\RAProject64\output\debug\zlib.pdb'; linking object as if no debug info
zlib.lib(trees.obj) : warning LNK4099: PDB 'zlib.pdb' was not found with 'zlib.lib(trees.obj)' or at 'M:\Covers\Another64\RASuite\RAProject64\output\debug\zlib.pdb'; linking object as if no debug info
zlib.lib(zutil.obj) : warning LNK4099: PDB 'zlib.pdb' was not found with 'zlib.lib(zutil.obj)' or at 'M:\Covers\Another64\RASuite\RAProject64\output\debug\zlib.pdb'; linking object as if no debug info
  Project64.vcxproj -> M:\Covers\Another64\RASuite\RAProject64\output\debug\Project64.exe
